<?xml version="1.0" encoding="UTF-8"?>
<testsuite xmlns:xsi="http://www.w3.org/2001/XMLSchema-instance" xsi:noNamespaceSchemaLocation="https://maven.apache.org/surefire/maven-surefire-plugin/xsd/surefire-test-report.xsd" name="com.yws.plane.PlaneApplicationTests" time="151.483" tests="1" errors="0" skipped="0" failures="0">
  <properties>
    <property name="sun.desktop" value="windows"/>
    <property name="awt.toolkit" value="sun.awt.windows.WToolkit"/>
    <property name="java.specification.version" value="12"/>
    <property name="sun.cpu.isalist" value="amd64"/>
    <property name="sun.jnu.encoding" value="GBK"/>
    <property name="java.class.path" value="C:\Users\AlmostLover\Desktop\plane_search\plane_search_admin\plane_search_springboot\target\test-classes;C:\Users\AlmostLover\Desktop\plane_search\plane_search_admin\plane_search_springboot\target\classes;C:\Users\AlmostLover\.m2\repository\org\springframework\boot\spring-boot-starter-tomcat\2.2.0.RELEASE\spring-boot-starter-tomcat-2.2.0.RELEASE.jar;C:\Users\AlmostLover\.m2\repository\jakarta\annotation\jakarta.annotation-api\1.3.5\jakarta.annotation-api-1.3.5.jar;C:\Users\AlmostLover\.m2\repository\org\apache\tomcat\embed\tomcat-embed-core\9.0.27\tomcat-embed-core-9.0.27.jar;C:\Users\AlmostLover\.m2\repository\org\apache\tomcat\embed\tomcat-embed-el\9.0.27\tomcat-embed-el-9.0.27.jar;C:\Users\AlmostLover\.m2\repository\org\apache\tomcat\embed\tomcat-embed-websocket\9.0.27\tomcat-embed-websocket-9.0.27.jar;C:\Users\AlmostLover\.m2\repository\org\springframework\boot\spring-boot-starter-web\2.2.0.RELEASE\spring-boot-starter-web-2.2.0.RELEASE.jar;C:\Users\AlmostLover\.m2\repository\org\springframework\boot\spring-boot-starter\2.2.0.RELEASE\spring-boot-starter-2.2.0.RELEASE.jar;C:\Users\AlmostLover\.m2\repository\org\springframework\boot\spring-boot-starter-logging\2.2.0.RELEASE\spring-boot-starter-logging-2.2.0.RELEASE.jar;C:\Users\AlmostLover\.m2\repository\ch\qos\logback\logback-classic\1.2.3\logback-classic-1.2.3.jar;C:\Users\AlmostLover\.m2\repository\ch\qos\logback\logback-core\1.2.3\logback-core-1.2.3.jar;C:\Users\AlmostLover\.m2\repository\org\apache\logging\log4j\log4j-to-slf4j\2.12.1\log4j-to-slf4j-2.12.1.jar;C:\Users\AlmostLover\.m2\repository\org\apache\logging\log4j\log4j-api\2.12.1\log4j-api-2.12.1.jar;C:\Users\AlmostLover\.m2\repository\org\slf4j\jul-to-slf4j\1.7.28\jul-to-slf4j-1.7.28.jar;C:\Users\AlmostLover\.m2\repository\org\yaml\snakeyaml\1.25\snakeyaml-1.25.jar;C:\Users\AlmostLover\.m2\repository\org\springframework\boot\spring-boot-starter-json\2.2.0.RELEASE\spring-boot-starter-json-2.2.0.RELEASE.jar;C:\Users\AlmostLover\.m2\repository\com\fasterxml\jackson\datatype\jackson-datatype-jdk8\2.10.0\jackson-datatype-jdk8-2.10.0.jar;C:\Users\AlmostLover\.m2\repository\com\fasterxml\jackson\datatype\jackson-datatype-jsr310\2.10.0\jackson-datatype-jsr310-2.10.0.jar;C:\Users\AlmostLover\.m2\repository\com\fasterxml\jackson\module\jackson-module-parameter-names\2.10.0\jackson-module-parameter-names-2.10.0.jar;C:\Users\AlmostLover\.m2\repository\org\springframework\boot\spring-boot-starter-validation\2.2.0.RELEASE\spring-boot-starter-validation-2.2.0.RELEASE.jar;C:\Users\AlmostLover\.m2\repository\jakarta\validation\jakarta.validation-api\2.0.1\jakarta.validation-api-2.0.1.jar;C:\Users\AlmostLover\.m2\repository\org\hibernate\validator\hibernate-validator\6.0.17.Final\hibernate-validator-6.0.17.Final.jar;C:\Users\AlmostLover\.m2\repository\org\jboss\logging\jboss-logging\3.4.1.Final\jboss-logging-3.4.1.Final.jar;C:\Users\AlmostLover\.m2\repository\com\fasterxml\classmate\1.5.0\classmate-1.5.0.jar;C:\Users\AlmostLover\.m2\repository\org\springframework\spring-web\5.2.0.RELEASE\spring-web-5.2.0.RELEASE.jar;C:\Users\AlmostLover\.m2\repository\org\springframework\spring-beans\5.2.0.RELEASE\spring-beans-5.2.0.RELEASE.jar;C:\Users\AlmostLover\.m2\repository\org\springframework\spring-webmvc\5.2.0.RELEASE\spring-webmvc-5.2.0.RELEASE.jar;C:\Users\AlmostLover\.m2\repository\org\springframework\spring-context\5.2.0.RELEASE\spring-context-5.2.0.RELEASE.jar;C:\Users\AlmostLover\.m2\repository\org\springframework\spring-expression\5.2.0.RELEASE\spring-expression-5.2.0.RELEASE.jar;C:\Users\AlmostLover\.m2\repository\org\springframework\boot\spring-boot-devtools\2.2.0.RELEASE\spring-boot-devtools-2.2.0.RELEASE.jar;C:\Users\AlmostLover\.m2\repository\org\springframework\boot\spring-boot\2.2.0.RELEASE\spring-boot-2.2.0.RELEASE.jar;C:\Users\AlmostLover\.m2\repository\org\springframework\boot\spring-boot-autoconfigure\2.2.0.RELEASE\spring-boot-autoconfigure-2.2.0.RELEASE.jar;C:\Users\AlmostLover\.m2\repository\org\projectlombok\lombok\1.18.10\lombok-1.18.10.jar;C:\Users\AlmostLover\.m2\repository\mysql\mysql-connector-java\5.1.47\mysql-connector-java-5.1.47.jar;C:\Users\AlmostLover\.m2\repository\com\baomidou\mybatis-plus-boot-starter\3.3.1\mybatis-plus-boot-starter-3.3.1.jar;C:\Users\AlmostLover\.m2\repository\com\baomidou\mybatis-plus\3.3.1\mybatis-plus-3.3.1.jar;C:\Users\AlmostLover\.m2\repository\com\baomidou\mybatis-plus-extension\3.3.1\mybatis-plus-extension-3.3.1.jar;C:\Users\AlmostLover\.m2\repository\com\baomidou\mybatis-plus-core\3.3.1\mybatis-plus-core-3.3.1.jar;C:\Users\AlmostLover\.m2\repository\com\baomidou\mybatis-plus-annotation\3.3.1\mybatis-plus-annotation-3.3.1.jar;C:\Users\AlmostLover\.m2\repository\com\github\jsqlparser\jsqlparser\3.1\jsqlparser-3.1.jar;C:\Users\AlmostLover\.m2\repository\org\mybatis\mybatis\3.5.3\mybatis-3.5.3.jar;C:\Users\AlmostLover\.m2\repository\org\mybatis\mybatis-spring\2.0.3\mybatis-spring-2.0.3.jar;C:\Users\AlmostLover\.m2\repository\org\springframework\boot\spring-boot-starter-jdbc\2.2.0.RELEASE\spring-boot-starter-jdbc-2.2.0.RELEASE.jar;C:\Users\AlmostLover\.m2\repository\com\zaxxer\HikariCP\3.4.1\HikariCP-3.4.1.jar;C:\Users\AlmostLover\.m2\repository\org\springframework\spring-jdbc\5.2.0.RELEASE\spring-jdbc-5.2.0.RELEASE.jar;C:\Users\AlmostLover\.m2\repository\org\apache\velocity\velocity-engine-core\2.0\velocity-engine-core-2.0.jar;C:\Users\AlmostLover\.m2\repository\org\slf4j\slf4j-api\1.7.28\slf4j-api-1.7.28.jar;C:\Users\AlmostLover\.m2\repository\org\apache\commons\commons-lang3\3.3.2\commons-lang3-3.3.2.jar;C:\Users\AlmostLover\.m2\repository\org\springframework\boot\spring-boot-starter-data-elasticsearch\2.2.0.RELEASE\spring-boot-starter-data-elasticsearch-2.2.0.RELEASE.jar;C:\Users\AlmostLover\.m2\repository\org\springframework\data\spring-data-elasticsearch\3.2.0.RELEASE\spring-data-elasticsearch-3.2.0.RELEASE.jar;C:\Users\AlmostLover\.m2\repository\org\springframework\data\spring-data-commons\2.2.0.RELEASE\spring-data-commons-2.2.0.RELEASE.jar;C:\Users\AlmostLover\.m2\repository\joda-time\joda-time\2.10.4\joda-time-2.10.4.jar;C:\Users\AlmostLover\.m2\repository\org\elasticsearch\client\transport\6.8.3\transport-6.8.3.jar;C:\Users\AlmostLover\.m2\repository\org\elasticsearch\elasticsearch\6.8.3\elasticsearch-6.8.3.jar;C:\Users\AlmostLover\.m2\repository\org\elasticsearch\elasticsearch-core\6.8.3\elasticsearch-core-6.8.3.jar;C:\Users\AlmostLover\.m2\repository\org\elasticsearch\elasticsearch-secure-sm\6.8.3\elasticsearch-secure-sm-6.8.3.jar;C:\Users\AlmostLover\.m2\repository\org\elasticsearch\elasticsearch-x-content\6.8.3\elasticsearch-x-content-6.8.3.jar;C:\Users\AlmostLover\.m2\repository\com\fasterxml\jackson\dataformat\jackson-dataformat-smile\2.10.0\jackson-dataformat-smile-2.10.0.jar;C:\Users\AlmostLover\.m2\repository\com\fasterxml\jackson\dataformat\jackson-dataformat-yaml\2.10.0\jackson-dataformat-yaml-2.10.0.jar;C:\Users\AlmostLover\.m2\repository\com\fasterxml\jackson\dataformat\jackson-dataformat-cbor\2.10.0\jackson-dataformat-cbor-2.10.0.jar;C:\Users\AlmostLover\.m2\repository\org\apache\lucene\lucene-core\7.7.0\lucene-core-7.7.0.jar;C:\Users\AlmostLover\.m2\repository\org\apache\lucene\lucene-analyzers-common\7.7.0\lucene-analyzers-common-7.7.0.jar;C:\Users\AlmostLover\.m2\repository\org\apache\lucene\lucene-backward-codecs\7.7.0\lucene-backward-codecs-7.7.0.jar;C:\Users\AlmostLover\.m2\repository\org\apache\lucene\lucene-grouping\7.7.0\lucene-grouping-7.7.0.jar;C:\Users\AlmostLover\.m2\repository\org\apache\lucene\lucene-highlighter\7.7.0\lucene-highlighter-7.7.0.jar;C:\Users\AlmostLover\.m2\repository\org\apache\lucene\lucene-join\7.7.0\lucene-join-7.7.0.jar;C:\Users\AlmostLover\.m2\repository\org\apache\lucene\lucene-memory\7.7.0\lucene-memory-7.7.0.jar;C:\Users\AlmostLover\.m2\repository\org\apache\lucene\lucene-misc\7.7.0\lucene-misc-7.7.0.jar;C:\Users\AlmostLover\.m2\repository\org\apache\lucene\lucene-queries\7.7.0\lucene-queries-7.7.0.jar;C:\Users\AlmostLover\.m2\repository\org\apache\lucene\lucene-queryparser\7.7.0\lucene-queryparser-7.7.0.jar;C:\Users\AlmostLover\.m2\repository\org\apache\lucene\lucene-sandbox\7.7.0\lucene-sandbox-7.7.0.jar;C:\Users\AlmostLover\.m2\repository\org\apache\lucene\lucene-spatial\7.7.0\lucene-spatial-7.7.0.jar;C:\Users\AlmostLover\.m2\repository\org\apache\lucene\lucene-spatial-extras\7.7.0\lucene-spatial-extras-7.7.0.jar;C:\Users\AlmostLover\.m2\repository\org\apache\lucene\lucene-spatial3d\7.7.0\lucene-spatial3d-7.7.0.jar;C:\Users\AlmostLover\.m2\repository\org\apache\lucene\lucene-suggest\7.7.0\lucene-suggest-7.7.0.jar;C:\Users\AlmostLover\.m2\repository\org\elasticsearch\elasticsearch-cli\6.8.3\elasticsearch-cli-6.8.3.jar;C:\Users\AlmostLover\.m2\repository\net\sf\jopt-simple\jopt-simple\5.0.2\jopt-simple-5.0.2.jar;C:\Users\AlmostLover\.m2\repository\com\carrotsearch\hppc\0.7.1\hppc-0.7.1.jar;C:\Users\AlmostLover\.m2\repository\com\tdunning\t-digest\3.2\t-digest-3.2.jar;C:\Users\AlmostLover\.m2\repository\org\hdrhistogram\HdrHistogram\2.1.9\HdrHistogram-2.1.9.jar;C:\Users\AlmostLover\.m2\repository\org\elasticsearch\jna\4.5.1\jna-4.5.1.jar;C:\Users\AlmostLover\.m2\repository\org\elasticsearch\plugin\reindex-client\6.8.3\reindex-client-6.8.3.jar;C:\Users\AlmostLover\.m2\repository\org\elasticsearch\elasticsearch-ssl-config\6.8.3\elasticsearch-ssl-config-6.8.3.jar;C:\Users\AlmostLover\.m2\repository\org\elasticsearch\plugin\lang-mustache-client\6.8.3\lang-mustache-client-6.8.3.jar;C:\Users\AlmostLover\.m2\repository\com\github\spullara\mustache\java\compiler\0.9.3\compiler-0.9.3.jar;C:\Users\AlmostLover\.m2\repository\org\elasticsearch\plugin\percolator-client\6.8.3\percolator-client-6.8.3.jar;C:\Users\AlmostLover\.m2\repository\org\elasticsearch\plugin\parent-join-client\6.8.3\parent-join-client-6.8.3.jar;C:\Users\AlmostLover\.m2\repository\org\elasticsearch\plugin\rank-eval-client\6.8.3\rank-eval-client-6.8.3.jar;C:\Users\AlmostLover\.m2\repository\org\elasticsearch\plugin\transport-netty4-client\6.8.3\transport-netty4-client-6.8.3.jar;C:\Users\AlmostLover\.m2\repository\io\netty\netty-buffer\4.1.42.Final\netty-buffer-4.1.42.Final.jar;C:\Users\AlmostLover\.m2\repository\io\netty\netty-codec\4.1.42.Final\netty-codec-4.1.42.Final.jar;C:\Users\AlmostLover\.m2\repository\io\netty\netty-codec-http\4.1.42.Final\netty-codec-http-4.1.42.Final.jar;C:\Users\AlmostLover\.m2\repository\io\netty\netty-resolver\4.1.42.Final\netty-resolver-4.1.42.Final.jar;C:\Users\AlmostLover\.m2\repository\org\elasticsearch\client\elasticsearch-rest-high-level-client\6.8.3\elasticsearch-rest-high-level-client-6.8.3.jar;C:\Users\AlmostLover\.m2\repository\org\elasticsearch\client\elasticsearch-rest-client\6.8.3\elasticsearch-rest-client-6.8.3.jar;C:\Users\AlmostLover\.m2\repository\org\elasticsearch\plugin\aggs-matrix-stats-client\6.8.3\aggs-matrix-stats-client-6.8.3.jar;C:\Users\AlmostLover\.m2\repository\com\fasterxml\jackson\core\jackson-core\2.10.0\jackson-core-2.10.0.jar;C:\Users\AlmostLover\.m2\repository\io\searchbox\jest\6.3.1\jest-6.3.1.jar;C:\Users\AlmostLover\.m2\repository\io\searchbox\jest-common\6.3.1\jest-common-6.3.1.jar;C:\Users\AlmostLover\.m2\repository\org\apache\httpcomponents\httpcore-nio\4.4.12\httpcore-nio-4.4.12.jar;C:\Users\AlmostLover\.m2\repository\org\apache\httpcomponents\httpasyncclient\4.1.4\httpasyncclient-4.1.4.jar;C:\Users\AlmostLover\.m2\repository\net\java\dev\jna\jna\4.5.2\jna-4.5.2.jar;C:\Users\AlmostLover\.m2\repository\javax\persistence\persistence-api\1.0\persistence-api-1.0.jar;C:\Users\AlmostLover\.m2\repository\org\springframework\boot\spring-boot-starter-data-redis\2.2.0.RELEASE\spring-boot-starter-data-redis-2.2.0.RELEASE.jar;C:\Users\AlmostLover\.m2\repository\org\springframework\data\spring-data-redis\2.2.0.RELEASE\spring-data-redis-2.2.0.RELEASE.jar;C:\Users\AlmostLover\.m2\repository\org\springframework\data\spring-data-keyvalue\2.2.0.RELEASE\spring-data-keyvalue-2.2.0.RELEASE.jar;C:\Users\AlmostLover\.m2\repository\org\springframework\spring-oxm\5.2.0.RELEASE\spring-oxm-5.2.0.RELEASE.jar;C:\Users\AlmostLover\.m2\repository\io\lettuce\lettuce-core\5.2.0.RELEASE\lettuce-core-5.2.0.RELEASE.jar;C:\Users\AlmostLover\.m2\repository\io\netty\netty-common\4.1.42.Final\netty-common-4.1.42.Final.jar;C:\Users\AlmostLover\.m2\repository\io\netty\netty-handler\4.1.42.Final\netty-handler-4.1.42.Final.jar;C:\Users\AlmostLover\.m2\repository\io\netty\netty-transport\4.1.42.Final\netty-transport-4.1.42.Final.jar;C:\Users\AlmostLover\.m2\repository\io\projectreactor\reactor-core\3.3.0.RELEASE\reactor-core-3.3.0.RELEASE.jar;C:\Users\AlmostLover\.m2\repository\org\reactivestreams\reactive-streams\1.0.3\reactive-streams-1.0.3.jar;C:\Users\AlmostLover\.m2\repository\org\springframework\boot\spring-boot-starter-aop\2.2.0.RELEASE\spring-boot-starter-aop-2.2.0.RELEASE.jar;C:\Users\AlmostLover\.m2\repository\org\springframework\spring-aop\5.2.0.RELEASE\spring-aop-5.2.0.RELEASE.jar;C:\Users\AlmostLover\.m2\repository\org\aspectj\aspectjweaver\1.9.4\aspectjweaver-1.9.4.jar;C:\Users\AlmostLover\.m2\repository\org\springframework\boot\spring-boot-configuration-processor\2.2.0.RELEASE\spring-boot-configuration-processor-2.2.0.RELEASE.jar;C:\Users\AlmostLover\.m2\repository\org\springframework\boot\spring-boot-starter-quartz\2.2.0.RELEASE\spring-boot-starter-quartz-2.2.0.RELEASE.jar;C:\Users\AlmostLover\.m2\repository\org\springframework\spring-context-support\5.2.0.RELEASE\spring-context-support-5.2.0.RELEASE.jar;C:\Users\AlmostLover\.m2\repository\org\springframework\spring-tx\5.2.0.RELEASE\spring-tx-5.2.0.RELEASE.jar;C:\Users\AlmostLover\.m2\repository\org\quartz-scheduler\quartz\2.3.1\quartz-2.3.1.jar;C:\Users\AlmostLover\.m2\repository\com\mchange\mchange-commons-java\0.2.15\mchange-commons-java-0.2.15.jar;C:\Users\AlmostLover\.m2\repository\com\alibaba\fastjson\1.2.47\fastjson-1.2.47.jar;C:\Users\AlmostLover\.m2\repository\com\qiniu\qiniu-java-sdk\7.2.28\qiniu-java-sdk-7.2.28.jar;C:\Users\AlmostLover\.m2\repository\com\squareup\okhttp3\okhttp\3.14.4\okhttp-3.14.4.jar;C:\Users\AlmostLover\.m2\repository\com\squareup\okio\okio\1.17.2\okio-1.17.2.jar;C:\Users\AlmostLover\.m2\repository\com\google\code\gson\gson\2.8.5\gson-2.8.5.jar;C:\Users\AlmostLover\.m2\repository\org\apache\httpcomponents\httpclient\4.5.10\httpclient-4.5.10.jar;C:\Users\AlmostLover\.m2\repository\commons-codec\commons-codec\1.13\commons-codec-1.13.jar;C:\Users\AlmostLover\.m2\repository\org\apache\httpcomponents\httpcore\4.4.12\httpcore-4.4.12.jar;C:\Users\AlmostLover\.m2\repository\commons-lang\commons-lang\2.6\commons-lang-2.6.jar;C:\Users\AlmostLover\.m2\repository\org\eclipse\jetty\jetty-util\9.3.7.v20160115\jetty-util-9.3.7.v20160115.jar;C:\Users\AlmostLover\.m2\repository\cn\afterturn\easypoi-base\3.0.3\easypoi-base-3.0.3.jar;C:\Users\AlmostLover\.m2\repository\org\apache\poi\poi\3.15\poi-3.15.jar;C:\Users\AlmostLover\.m2\repository\org\apache\commons\commons-collections4\4.1\commons-collections4-4.1.jar;C:\Users\AlmostLover\.m2\repository\org\apache\poi\poi-ooxml\3.15\poi-ooxml-3.15.jar;C:\Users\AlmostLover\.m2\repository\com\github\virtuald\curvesapi\1.04\curvesapi-1.04.jar;C:\Users\AlmostLover\.m2\repository\org\apache\poi\poi-ooxml-schemas\3.15\poi-ooxml-schemas-3.15.jar;C:\Users\AlmostLover\.m2\repository\org\apache\xmlbeans\xmlbeans\2.6.0\xmlbeans-2.6.0.jar;C:\Users\AlmostLover\.m2\repository\stax\stax-api\1.0.1\stax-api-1.0.1.jar;C:\Users\AlmostLover\.m2\repository\com\google\guava\guava\16.0.1\guava-16.0.1.jar;C:\Users\AlmostLover\.m2\repository\javax\validation\validation-api\2.0.1.Final\validation-api-2.0.1.Final.jar;C:\Users\AlmostLover\.m2\repository\cn\afterturn\easypoi-web\3.0.3\easypoi-web-3.0.3.jar;C:\Users\AlmostLover\.m2\repository\org\springframework\spring-core\5.2.0.RELEASE\spring-core-5.2.0.RELEASE.jar;C:\Users\AlmostLover\.m2\repository\org\springframework\spring-jcl\5.2.0.RELEASE\spring-jcl-5.2.0.RELEASE.jar;C:\Users\AlmostLover\.m2\repository\cn\afterturn\easypoi-annotation\3.0.3\easypoi-annotation-3.0.3.jar;C:\Users\AlmostLover\.m2\repository\net\sourceforge\javacsv\javacsv\2.0\javacsv-2.0.jar;C:\Users\AlmostLover\.m2\repository\com\auth0\java-jwt\3.4.0\java-jwt-3.4.0.jar;C:\Users\AlmostLover\.m2\repository\com\fasterxml\jackson\core\jackson-databind\2.10.0\jackson-databind-2.10.0.jar;C:\Users\AlmostLover\.m2\repository\com\fasterxml\jackson\core\jackson-annotations\2.10.0\jackson-annotations-2.10.0.jar;C:\Users\AlmostLover\.m2\repository\org\apache\shiro\shiro-spring\1.4.0\shiro-spring-1.4.0.jar;C:\Users\AlmostLover\.m2\repository\org\apache\shiro\shiro-core\1.4.0\shiro-core-1.4.0.jar;C:\Users\AlmostLover\.m2\repository\org\apache\shiro\shiro-lang\1.4.0\shiro-lang-1.4.0.jar;C:\Users\AlmostLover\.m2\repository\org\apache\shiro\shiro-cache\1.4.0\shiro-cache-1.4.0.jar;C:\Users\AlmostLover\.m2\repository\org\apache\shiro\shiro-crypto-hash\1.4.0\shiro-crypto-hash-1.4.0.jar;C:\Users\AlmostLover\.m2\repository\org\apache\shiro\shiro-crypto-core\1.4.0\shiro-crypto-core-1.4.0.jar;C:\Users\AlmostLover\.m2\repository\org\apache\shiro\shiro-crypto-cipher\1.4.0\shiro-crypto-cipher-1.4.0.jar;C:\Users\AlmostLover\.m2\repository\org\apache\shiro\shiro-config-core\1.4.0\shiro-config-core-1.4.0.jar;C:\Users\AlmostLover\.m2\repository\org\apache\shiro\shiro-config-ogdl\1.4.0\shiro-config-ogdl-1.4.0.jar;C:\Users\AlmostLover\.m2\repository\commons-beanutils\commons-beanutils\1.9.3\commons-beanutils-1.9.3.jar;C:\Users\AlmostLover\.m2\repository\commons-collections\commons-collections\3.2.2\commons-collections-3.2.2.jar;C:\Users\AlmostLover\.m2\repository\org\apache\shiro\shiro-event\1.4.0\shiro-event-1.4.0.jar;C:\Users\AlmostLover\.m2\repository\org\apache\shiro\shiro-web\1.4.0\shiro-web-1.4.0.jar;C:\Users\AlmostLover\.m2\repository\commons-io\commons-io\1.3.2\commons-io-1.3.2.jar;C:\Users\AlmostLover\.m2\repository\org\springframework\boot\spring-boot-starter-mail\2.2.0.RELEASE\spring-boot-starter-mail-2.2.0.RELEASE.jar;C:\Users\AlmostLover\.m2\repository\com\sun\mail\jakarta.mail\1.6.4\jakarta.mail-1.6.4.jar;C:\Users\AlmostLover\.m2\repository\com\sun\activation\jakarta.activation\1.2.1\jakarta.activation-1.2.1.jar;C:\Users\AlmostLover\.m2\repository\org\springframework\boot\spring-boot-starter-test\2.2.0.RELEASE\spring-boot-starter-test-2.2.0.RELEASE.jar;C:\Users\AlmostLover\.m2\repository\org\springframework\boot\spring-boot-test\2.2.0.RELEASE\spring-boot-test-2.2.0.RELEASE.jar;C:\Users\AlmostLover\.m2\repository\org\springframework\boot\spring-boot-test-autoconfigure\2.2.0.RELEASE\spring-boot-test-autoconfigure-2.2.0.RELEASE.jar;C:\Users\AlmostLover\.m2\repository\com\jayway\jsonpath\json-path\2.4.0\json-path-2.4.0.jar;C:\Users\AlmostLover\.m2\repository\net\minidev\json-smart\2.3\json-smart-2.3.jar;C:\Users\AlmostLover\.m2\repository\net\minidev\accessors-smart\1.2\accessors-smart-1.2.jar;C:\Users\AlmostLover\.m2\repository\org\ow2\asm\asm\5.0.4\asm-5.0.4.jar;C:\Users\AlmostLover\.m2\repository\jakarta\xml\bind\jakarta.xml.bind-api\2.3.2\jakarta.xml.bind-api-2.3.2.jar;C:\Users\AlmostLover\.m2\repository\jakarta\activation\jakarta.activation-api\1.2.1\jakarta.activation-api-1.2.1.jar;C:\Users\AlmostLover\.m2\repository\org\junit\jupiter\junit-jupiter\5.5.2\junit-jupiter-5.5.2.jar;C:\Users\AlmostLover\.m2\repository\org\junit\jupiter\junit-jupiter-api\5.5.2\junit-jupiter-api-5.5.2.jar;C:\Users\AlmostLover\.m2\repository\org\apiguardian\apiguardian-api\1.1.0\apiguardian-api-1.1.0.jar;C:\Users\AlmostLover\.m2\repository\org\opentest4j\opentest4j\1.2.0\opentest4j-1.2.0.jar;C:\Users\AlmostLover\.m2\repository\org\junit\platform\junit-platform-commons\1.5.2\junit-platform-commons-1.5.2.jar;C:\Users\AlmostLover\.m2\repository\org\junit\jupiter\junit-jupiter-params\5.5.2\junit-jupiter-params-5.5.2.jar;C:\Users\AlmostLover\.m2\repository\org\junit\jupiter\junit-jupiter-engine\5.5.2\junit-jupiter-engine-5.5.2.jar;C:\Users\AlmostLover\.m2\repository\org\junit\platform\junit-platform-engine\1.5.2\junit-platform-engine-1.5.2.jar;C:\Users\AlmostLover\.m2\repository\org\mockito\mockito-junit-jupiter\3.1.0\mockito-junit-jupiter-3.1.0.jar;C:\Users\AlmostLover\.m2\repository\org\assertj\assertj-core\3.13.2\assertj-core-3.13.2.jar;C:\Users\AlmostLover\.m2\repository\org\hamcrest\hamcrest\2.1\hamcrest-2.1.jar;C:\Users\AlmostLover\.m2\repository\org\mockito\mockito-core\3.1.0\mockito-core-3.1.0.jar;C:\Users\AlmostLover\.m2\repository\net\bytebuddy\byte-buddy\1.10.1\byte-buddy-1.10.1.jar;C:\Users\AlmostLover\.m2\repository\net\bytebuddy\byte-buddy-agent\1.10.1\byte-buddy-agent-1.10.1.jar;C:\Users\AlmostLover\.m2\repository\org\objenesis\objenesis\2.6\objenesis-2.6.jar;C:\Users\AlmostLover\.m2\repository\org\skyscreamer\jsonassert\1.5.0\jsonassert-1.5.0.jar;C:\Users\AlmostLover\.m2\repository\com\vaadin\external\google\android-json\0.0.20131108.vaadin1\android-json-0.0.20131108.vaadin1.jar;C:\Users\AlmostLover\.m2\repository\org\springframework\spring-test\5.2.0.RELEASE\spring-test-5.2.0.RELEASE.jar;C:\Users\AlmostLover\.m2\repository\org\xmlunit\xmlunit-core\2.6.3\xmlunit-core-2.6.3.jar;"/>
    <property name="java.vm.vendor" value="Oracle Corporation"/>
    <property name="sun.arch.data.model" value="64"/>
    <property name="user.variant" value=""/>
    <property name="java.vendor.url" value="https://java.oracle.com/"/>
    <property name="user.timezone" value="Asia/Shanghai"/>
    <property name="os.name" value="Windows 10"/>
    <property name="java.vm.specification.version" value="12"/>
    <property name="sun.java.launcher" value="SUN_STANDARD"/>
    <property name="user.country" value="CN"/>
    <property name="sun.boot.library.path" value="C:\java\jdk-12.0.1\bin"/>
    <property name="sun.java.command" value="C:\Users\ALMOST~1\AppData\Local\Temp\surefire7535489778586020746\surefirebooter2518257693807297398.jar C:\Users\AlmostLover\AppData\Local\Temp\surefire7535489778586020746 2020-02-07T10-59-31_755-jvmRun1 surefire13968423383239319929tmp surefire_011474512247144116157tmp"/>
    <property name="jdk.debug" value="release"/>
    <property name="surefire.test.class.path" value="C:\Users\AlmostLover\Desktop\plane_search\plane_search_admin\plane_search_springboot\target\test-classes;C:\Users\AlmostLover\Desktop\plane_search\plane_search_admin\plane_search_springboot\target\classes;C:\Users\AlmostLover\.m2\repository\org\springframework\boot\spring-boot-starter-tomcat\2.2.0.RELEASE\spring-boot-starter-tomcat-2.2.0.RELEASE.jar;C:\Users\AlmostLover\.m2\repository\jakarta\annotation\jakarta.annotation-api\1.3.5\jakarta.annotation-api-1.3.5.jar;C:\Users\AlmostLover\.m2\repository\org\apache\tomcat\embed\tomcat-embed-core\9.0.27\tomcat-embed-core-9.0.27.jar;C:\Users\AlmostLover\.m2\repository\org\apache\tomcat\embed\tomcat-embed-el\9.0.27\tomcat-embed-el-9.0.27.jar;C:\Users\AlmostLover\.m2\repository\org\apache\tomcat\embed\tomcat-embed-websocket\9.0.27\tomcat-embed-websocket-9.0.27.jar;C:\Users\AlmostLover\.m2\repository\org\springframework\boot\spring-boot-starter-web\2.2.0.RELEASE\spring-boot-starter-web-2.2.0.RELEASE.jar;C:\Users\AlmostLover\.m2\repository\org\springframework\boot\spring-boot-starter\2.2.0.RELEASE\spring-boot-starter-2.2.0.RELEASE.jar;C:\Users\AlmostLover\.m2\repository\org\springframework\boot\spring-boot-starter-logging\2.2.0.RELEASE\spring-boot-starter-logging-2.2.0.RELEASE.jar;C:\Users\AlmostLover\.m2\repository\ch\qos\logback\logback-classic\1.2.3\logback-classic-1.2.3.jar;C:\Users\AlmostLover\.m2\repository\ch\qos\logback\logback-core\1.2.3\logback-core-1.2.3.jar;C:\Users\AlmostLover\.m2\repository\org\apache\logging\log4j\log4j-to-slf4j\2.12.1\log4j-to-slf4j-2.12.1.jar;C:\Users\AlmostLover\.m2\repository\org\apache\logging\log4j\log4j-api\2.12.1\log4j-api-2.12.1.jar;C:\Users\AlmostLover\.m2\repository\org\slf4j\jul-to-slf4j\1.7.28\jul-to-slf4j-1.7.28.jar;C:\Users\AlmostLover\.m2\repository\org\yaml\snakeyaml\1.25\snakeyaml-1.25.jar;C:\Users\AlmostLover\.m2\repository\org\springframework\boot\spring-boot-starter-json\2.2.0.RELEASE\spring-boot-starter-json-2.2.0.RELEASE.jar;C:\Users\AlmostLover\.m2\repository\com\fasterxml\jackson\datatype\jackson-datatype-jdk8\2.10.0\jackson-datatype-jdk8-2.10.0.jar;C:\Users\AlmostLover\.m2\repository\com\fasterxml\jackson\datatype\jackson-datatype-jsr310\2.10.0\jackson-datatype-jsr310-2.10.0.jar;C:\Users\AlmostLover\.m2\repository\com\fasterxml\jackson\module\jackson-module-parameter-names\2.10.0\jackson-module-parameter-names-2.10.0.jar;C:\Users\AlmostLover\.m2\repository\org\springframework\boot\spring-boot-starter-validation\2.2.0.RELEASE\spring-boot-starter-validation-2.2.0.RELEASE.jar;C:\Users\AlmostLover\.m2\repository\jakarta\validation\jakarta.validation-api\2.0.1\jakarta.validation-api-2.0.1.jar;C:\Users\AlmostLover\.m2\repository\org\hibernate\validator\hibernate-validator\6.0.17.Final\hibernate-validator-6.0.17.Final.jar;C:\Users\AlmostLover\.m2\repository\org\jboss\logging\jboss-logging\3.4.1.Final\jboss-logging-3.4.1.Final.jar;C:\Users\AlmostLover\.m2\repository\com\fasterxml\classmate\1.5.0\classmate-1.5.0.jar;C:\Users\AlmostLover\.m2\repository\org\springframework\spring-web\5.2.0.RELEASE\spring-web-5.2.0.RELEASE.jar;C:\Users\AlmostLover\.m2\repository\org\springframework\spring-beans\5.2.0.RELEASE\spring-beans-5.2.0.RELEASE.jar;C:\Users\AlmostLover\.m2\repository\org\springframework\spring-webmvc\5.2.0.RELEASE\spring-webmvc-5.2.0.RELEASE.jar;C:\Users\AlmostLover\.m2\repository\org\springframework\spring-context\5.2.0.RELEASE\spring-context-5.2.0.RELEASE.jar;C:\Users\AlmostLover\.m2\repository\org\springframework\spring-expression\5.2.0.RELEASE\spring-expression-5.2.0.RELEASE.jar;C:\Users\AlmostLover\.m2\repository\org\springframework\boot\spring-boot-devtools\2.2.0.RELEASE\spring-boot-devtools-2.2.0.RELEASE.jar;C:\Users\AlmostLover\.m2\repository\org\springframework\boot\spring-boot\2.2.0.RELEASE\spring-boot-2.2.0.RELEASE.jar;C:\Users\AlmostLover\.m2\repository\org\springframework\boot\spring-boot-autoconfigure\2.2.0.RELEASE\spring-boot-autoconfigure-2.2.0.RELEASE.jar;C:\Users\AlmostLover\.m2\repository\org\projectlombok\lombok\1.18.10\lombok-1.18.10.jar;C:\Users\AlmostLover\.m2\repository\mysql\mysql-connector-java\5.1.47\mysql-connector-java-5.1.47.jar;C:\Users\AlmostLover\.m2\repository\com\baomidou\mybatis-plus-boot-starter\3.3.1\mybatis-plus-boot-starter-3.3.1.jar;C:\Users\AlmostLover\.m2\repository\com\baomidou\mybatis-plus\3.3.1\mybatis-plus-3.3.1.jar;C:\Users\AlmostLover\.m2\repository\com\baomidou\mybatis-plus-extension\3.3.1\mybatis-plus-extension-3.3.1.jar;C:\Users\AlmostLover\.m2\repository\com\baomidou\mybatis-plus-core\3.3.1\mybatis-plus-core-3.3.1.jar;C:\Users\AlmostLover\.m2\repository\com\baomidou\mybatis-plus-annotation\3.3.1\mybatis-plus-annotation-3.3.1.jar;C:\Users\AlmostLover\.m2\repository\com\github\jsqlparser\jsqlparser\3.1\jsqlparser-3.1.jar;C:\Users\AlmostLover\.m2\repository\org\mybatis\mybatis\3.5.3\mybatis-3.5.3.jar;C:\Users\AlmostLover\.m2\repository\org\mybatis\mybatis-spring\2.0.3\mybatis-spring-2.0.3.jar;C:\Users\AlmostLover\.m2\repository\org\springframework\boot\spring-boot-starter-jdbc\2.2.0.RELEASE\spring-boot-starter-jdbc-2.2.0.RELEASE.jar;C:\Users\AlmostLover\.m2\repository\com\zaxxer\HikariCP\3.4.1\HikariCP-3.4.1.jar;C:\Users\AlmostLover\.m2\repository\org\springframework\spring-jdbc\5.2.0.RELEASE\spring-jdbc-5.2.0.RELEASE.jar;C:\Users\AlmostLover\.m2\repository\org\apache\velocity\velocity-engine-core\2.0\velocity-engine-core-2.0.jar;C:\Users\AlmostLover\.m2\repository\org\slf4j\slf4j-api\1.7.28\slf4j-api-1.7.28.jar;C:\Users\AlmostLover\.m2\repository\org\apache\commons\commons-lang3\3.3.2\commons-lang3-3.3.2.jar;C:\Users\AlmostLover\.m2\repository\org\springframework\boot\spring-boot-starter-data-elasticsearch\2.2.0.RELEASE\spring-boot-starter-data-elasticsearch-2.2.0.RELEASE.jar;C:\Users\AlmostLover\.m2\repository\org\springframework\data\spring-data-elasticsearch\3.2.0.RELEASE\spring-data-elasticsearch-3.2.0.RELEASE.jar;C:\Users\AlmostLover\.m2\repository\org\springframework\data\spring-data-commons\2.2.0.RELEASE\spring-data-commons-2.2.0.RELEASE.jar;C:\Users\AlmostLover\.m2\repository\joda-time\joda-time\2.10.4\joda-time-2.10.4.jar;C:\Users\AlmostLover\.m2\repository\org\elasticsearch\client\transport\6.8.3\transport-6.8.3.jar;C:\Users\AlmostLover\.m2\repository\org\elasticsearch\elasticsearch\6.8.3\elasticsearch-6.8.3.jar;C:\Users\AlmostLover\.m2\repository\org\elasticsearch\elasticsearch-core\6.8.3\elasticsearch-core-6.8.3.jar;C:\Users\AlmostLover\.m2\repository\org\elasticsearch\elasticsearch-secure-sm\6.8.3\elasticsearch-secure-sm-6.8.3.jar;C:\Users\AlmostLover\.m2\repository\org\elasticsearch\elasticsearch-x-content\6.8.3\elasticsearch-x-content-6.8.3.jar;C:\Users\AlmostLover\.m2\repository\com\fasterxml\jackson\dataformat\jackson-dataformat-smile\2.10.0\jackson-dataformat-smile-2.10.0.jar;C:\Users\AlmostLover\.m2\repository\com\fasterxml\jackson\dataformat\jackson-dataformat-yaml\2.10.0\jackson-dataformat-yaml-2.10.0.jar;C:\Users\AlmostLover\.m2\repository\com\fasterxml\jackson\dataformat\jackson-dataformat-cbor\2.10.0\jackson-dataformat-cbor-2.10.0.jar;C:\Users\AlmostLover\.m2\repository\org\apache\lucene\lucene-core\7.7.0\lucene-core-7.7.0.jar;C:\Users\AlmostLover\.m2\repository\org\apache\lucene\lucene-analyzers-common\7.7.0\lucene-analyzers-common-7.7.0.jar;C:\Users\AlmostLover\.m2\repository\org\apache\lucene\lucene-backward-codecs\7.7.0\lucene-backward-codecs-7.7.0.jar;C:\Users\AlmostLover\.m2\repository\org\apache\lucene\lucene-grouping\7.7.0\lucene-grouping-7.7.0.jar;C:\Users\AlmostLover\.m2\repository\org\apache\lucene\lucene-highlighter\7.7.0\lucene-highlighter-7.7.0.jar;C:\Users\AlmostLover\.m2\repository\org\apache\lucene\lucene-join\7.7.0\lucene-join-7.7.0.jar;C:\Users\AlmostLover\.m2\repository\org\apache\lucene\lucene-memory\7.7.0\lucene-memory-7.7.0.jar;C:\Users\AlmostLover\.m2\repository\org\apache\lucene\lucene-misc\7.7.0\lucene-misc-7.7.0.jar;C:\Users\AlmostLover\.m2\repository\org\apache\lucene\lucene-queries\7.7.0\lucene-queries-7.7.0.jar;C:\Users\AlmostLover\.m2\repository\org\apache\lucene\lucene-queryparser\7.7.0\lucene-queryparser-7.7.0.jar;C:\Users\AlmostLover\.m2\repository\org\apache\lucene\lucene-sandbox\7.7.0\lucene-sandbox-7.7.0.jar;C:\Users\AlmostLover\.m2\repository\org\apache\lucene\lucene-spatial\7.7.0\lucene-spatial-7.7.0.jar;C:\Users\AlmostLover\.m2\repository\org\apache\lucene\lucene-spatial-extras\7.7.0\lucene-spatial-extras-7.7.0.jar;C:\Users\AlmostLover\.m2\repository\org\apache\lucene\lucene-spatial3d\7.7.0\lucene-spatial3d-7.7.0.jar;C:\Users\AlmostLover\.m2\repository\org\apache\lucene\lucene-suggest\7.7.0\lucene-suggest-7.7.0.jar;C:\Users\AlmostLover\.m2\repository\org\elasticsearch\elasticsearch-cli\6.8.3\elasticsearch-cli-6.8.3.jar;C:\Users\AlmostLover\.m2\repository\net\sf\jopt-simple\jopt-simple\5.0.2\jopt-simple-5.0.2.jar;C:\Users\AlmostLover\.m2\repository\com\carrotsearch\hppc\0.7.1\hppc-0.7.1.jar;C:\Users\AlmostLover\.m2\repository\com\tdunning\t-digest\3.2\t-digest-3.2.jar;C:\Users\AlmostLover\.m2\repository\org\hdrhistogram\HdrHistogram\2.1.9\HdrHistogram-2.1.9.jar;C:\Users\AlmostLover\.m2\repository\org\elasticsearch\jna\4.5.1\jna-4.5.1.jar;C:\Users\AlmostLover\.m2\repository\org\elasticsearch\plugin\reindex-client\6.8.3\reindex-client-6.8.3.jar;C:\Users\AlmostLover\.m2\repository\org\elasticsearch\elasticsearch-ssl-config\6.8.3\elasticsearch-ssl-config-6.8.3.jar;C:\Users\AlmostLover\.m2\repository\org\elasticsearch\plugin\lang-mustache-client\6.8.3\lang-mustache-client-6.8.3.jar;C:\Users\AlmostLover\.m2\repository\com\github\spullara\mustache\java\compiler\0.9.3\compiler-0.9.3.jar;C:\Users\AlmostLover\.m2\repository\org\elasticsearch\plugin\percolator-client\6.8.3\percolator-client-6.8.3.jar;C:\Users\AlmostLover\.m2\repository\org\elasticsearch\plugin\parent-join-client\6.8.3\parent-join-client-6.8.3.jar;C:\Users\AlmostLover\.m2\repository\org\elasticsearch\plugin\rank-eval-client\6.8.3\rank-eval-client-6.8.3.jar;C:\Users\AlmostLover\.m2\repository\org\elasticsearch\plugin\transport-netty4-client\6.8.3\transport-netty4-client-6.8.3.jar;C:\Users\AlmostLover\.m2\repository\io\netty\netty-buffer\4.1.42.Final\netty-buffer-4.1.42.Final.jar;C:\Users\AlmostLover\.m2\repository\io\netty\netty-codec\4.1.42.Final\netty-codec-4.1.42.Final.jar;C:\Users\AlmostLover\.m2\repository\io\netty\netty-codec-http\4.1.42.Final\netty-codec-http-4.1.42.Final.jar;C:\Users\AlmostLover\.m2\repository\io\netty\netty-resolver\4.1.42.Final\netty-resolver-4.1.42.Final.jar;C:\Users\AlmostLover\.m2\repository\org\elasticsearch\client\elasticsearch-rest-high-level-client\6.8.3\elasticsearch-rest-high-level-client-6.8.3.jar;C:\Users\AlmostLover\.m2\repository\org\elasticsearch\client\elasticsearch-rest-client\6.8.3\elasticsearch-rest-client-6.8.3.jar;C:\Users\AlmostLover\.m2\repository\org\elasticsearch\plugin\aggs-matrix-stats-client\6.8.3\aggs-matrix-stats-client-6.8.3.jar;C:\Users\AlmostLover\.m2\repository\com\fasterxml\jackson\core\jackson-core\2.10.0\jackson-core-2.10.0.jar;C:\Users\AlmostLover\.m2\repository\io\searchbox\jest\6.3.1\jest-6.3.1.jar;C:\Users\AlmostLover\.m2\repository\io\searchbox\jest-common\6.3.1\jest-common-6.3.1.jar;C:\Users\AlmostLover\.m2\repository\org\apache\httpcomponents\httpcore-nio\4.4.12\httpcore-nio-4.4.12.jar;C:\Users\AlmostLover\.m2\repository\org\apache\httpcomponents\httpasyncclient\4.1.4\httpasyncclient-4.1.4.jar;C:\Users\AlmostLover\.m2\repository\net\java\dev\jna\jna\4.5.2\jna-4.5.2.jar;C:\Users\AlmostLover\.m2\repository\javax\persistence\persistence-api\1.0\persistence-api-1.0.jar;C:\Users\AlmostLover\.m2\repository\org\springframework\boot\spring-boot-starter-data-redis\2.2.0.RELEASE\spring-boot-starter-data-redis-2.2.0.RELEASE.jar;C:\Users\AlmostLover\.m2\repository\org\springframework\data\spring-data-redis\2.2.0.RELEASE\spring-data-redis-2.2.0.RELEASE.jar;C:\Users\AlmostLover\.m2\repository\org\springframework\data\spring-data-keyvalue\2.2.0.RELEASE\spring-data-keyvalue-2.2.0.RELEASE.jar;C:\Users\AlmostLover\.m2\repository\org\springframework\spring-oxm\5.2.0.RELEASE\spring-oxm-5.2.0.RELEASE.jar;C:\Users\AlmostLover\.m2\repository\io\lettuce\lettuce-core\5.2.0.RELEASE\lettuce-core-5.2.0.RELEASE.jar;C:\Users\AlmostLover\.m2\repository\io\netty\netty-common\4.1.42.Final\netty-common-4.1.42.Final.jar;C:\Users\AlmostLover\.m2\repository\io\netty\netty-handler\4.1.42.Final\netty-handler-4.1.42.Final.jar;C:\Users\AlmostLover\.m2\repository\io\netty\netty-transport\4.1.42.Final\netty-transport-4.1.42.Final.jar;C:\Users\AlmostLover\.m2\repository\io\projectreactor\reactor-core\3.3.0.RELEASE\reactor-core-3.3.0.RELEASE.jar;C:\Users\AlmostLover\.m2\repository\org\reactivestreams\reactive-streams\1.0.3\reactive-streams-1.0.3.jar;C:\Users\AlmostLover\.m2\repository\org\springframework\boot\spring-boot-starter-aop\2.2.0.RELEASE\spring-boot-starter-aop-2.2.0.RELEASE.jar;C:\Users\AlmostLover\.m2\repository\org\springframework\spring-aop\5.2.0.RELEASE\spring-aop-5.2.0.RELEASE.jar;C:\Users\AlmostLover\.m2\repository\org\aspectj\aspectjweaver\1.9.4\aspectjweaver-1.9.4.jar;C:\Users\AlmostLover\.m2\repository\org\springframework\boot\spring-boot-configuration-processor\2.2.0.RELEASE\spring-boot-configuration-processor-2.2.0.RELEASE.jar;C:\Users\AlmostLover\.m2\repository\org\springframework\boot\spring-boot-starter-quartz\2.2.0.RELEASE\spring-boot-starter-quartz-2.2.0.RELEASE.jar;C:\Users\AlmostLover\.m2\repository\org\springframework\spring-context-support\5.2.0.RELEASE\spring-context-support-5.2.0.RELEASE.jar;C:\Users\AlmostLover\.m2\repository\org\springframework\spring-tx\5.2.0.RELEASE\spring-tx-5.2.0.RELEASE.jar;C:\Users\AlmostLover\.m2\repository\org\quartz-scheduler\quartz\2.3.1\quartz-2.3.1.jar;C:\Users\AlmostLover\.m2\repository\com\mchange\mchange-commons-java\0.2.15\mchange-commons-java-0.2.15.jar;C:\Users\AlmostLover\.m2\repository\com\alibaba\fastjson\1.2.47\fastjson-1.2.47.jar;C:\Users\AlmostLover\.m2\repository\com\qiniu\qiniu-java-sdk\7.2.28\qiniu-java-sdk-7.2.28.jar;C:\Users\AlmostLover\.m2\repository\com\squareup\okhttp3\okhttp\3.14.4\okhttp-3.14.4.jar;C:\Users\AlmostLover\.m2\repository\com\squareup\okio\okio\1.17.2\okio-1.17.2.jar;C:\Users\AlmostLover\.m2\repository\com\google\code\gson\gson\2.8.5\gson-2.8.5.jar;C:\Users\AlmostLover\.m2\repository\org\apache\httpcomponents\httpclient\4.5.10\httpclient-4.5.10.jar;C:\Users\AlmostLover\.m2\repository\commons-codec\commons-codec\1.13\commons-codec-1.13.jar;C:\Users\AlmostLover\.m2\repository\org\apache\httpcomponents\httpcore\4.4.12\httpcore-4.4.12.jar;C:\Users\AlmostLover\.m2\repository\commons-lang\commons-lang\2.6\commons-lang-2.6.jar;C:\Users\AlmostLover\.m2\repository\org\eclipse\jetty\jetty-util\9.3.7.v20160115\jetty-util-9.3.7.v20160115.jar;C:\Users\AlmostLover\.m2\repository\cn\afterturn\easypoi-base\3.0.3\easypoi-base-3.0.3.jar;C:\Users\AlmostLover\.m2\repository\org\apache\poi\poi\3.15\poi-3.15.jar;C:\Users\AlmostLover\.m2\repository\org\apache\commons\commons-collections4\4.1\commons-collections4-4.1.jar;C:\Users\AlmostLover\.m2\repository\org\apache\poi\poi-ooxml\3.15\poi-ooxml-3.15.jar;C:\Users\AlmostLover\.m2\repository\com\github\virtuald\curvesapi\1.04\curvesapi-1.04.jar;C:\Users\AlmostLover\.m2\repository\org\apache\poi\poi-ooxml-schemas\3.15\poi-ooxml-schemas-3.15.jar;C:\Users\AlmostLover\.m2\repository\org\apache\xmlbeans\xmlbeans\2.6.0\xmlbeans-2.6.0.jar;C:\Users\AlmostLover\.m2\repository\stax\stax-api\1.0.1\stax-api-1.0.1.jar;C:\Users\AlmostLover\.m2\repository\com\google\guava\guava\16.0.1\guava-16.0.1.jar;C:\Users\AlmostLover\.m2\repository\javax\validation\validation-api\2.0.1.Final\validation-api-2.0.1.Final.jar;C:\Users\AlmostLover\.m2\repository\cn\afterturn\easypoi-web\3.0.3\easypoi-web-3.0.3.jar;C:\Users\AlmostLover\.m2\repository\org\springframework\spring-core\5.2.0.RELEASE\spring-core-5.2.0.RELEASE.jar;C:\Users\AlmostLover\.m2\repository\org\springframework\spring-jcl\5.2.0.RELEASE\spring-jcl-5.2.0.RELEASE.jar;C:\Users\AlmostLover\.m2\repository\cn\afterturn\easypoi-annotation\3.0.3\easypoi-annotation-3.0.3.jar;C:\Users\AlmostLover\.m2\repository\net\sourceforge\javacsv\javacsv\2.0\javacsv-2.0.jar;C:\Users\AlmostLover\.m2\repository\com\auth0\java-jwt\3.4.0\java-jwt-3.4.0.jar;C:\Users\AlmostLover\.m2\repository\com\fasterxml\jackson\core\jackson-databind\2.10.0\jackson-databind-2.10.0.jar;C:\Users\AlmostLover\.m2\repository\com\fasterxml\jackson\core\jackson-annotations\2.10.0\jackson-annotations-2.10.0.jar;C:\Users\AlmostLover\.m2\repository\org\apache\shiro\shiro-spring\1.4.0\shiro-spring-1.4.0.jar;C:\Users\AlmostLover\.m2\repository\org\apache\shiro\shiro-core\1.4.0\shiro-core-1.4.0.jar;C:\Users\AlmostLover\.m2\repository\org\apache\shiro\shiro-lang\1.4.0\shiro-lang-1.4.0.jar;C:\Users\AlmostLover\.m2\repository\org\apache\shiro\shiro-cache\1.4.0\shiro-cache-1.4.0.jar;C:\Users\AlmostLover\.m2\repository\org\apache\shiro\shiro-crypto-hash\1.4.0\shiro-crypto-hash-1.4.0.jar;C:\Users\AlmostLover\.m2\repository\org\apache\shiro\shiro-crypto-core\1.4.0\shiro-crypto-core-1.4.0.jar;C:\Users\AlmostLover\.m2\repository\org\apache\shiro\shiro-crypto-cipher\1.4.0\shiro-crypto-cipher-1.4.0.jar;C:\Users\AlmostLover\.m2\repository\org\apache\shiro\shiro-config-core\1.4.0\shiro-config-core-1.4.0.jar;C:\Users\AlmostLover\.m2\repository\org\apache\shiro\shiro-config-ogdl\1.4.0\shiro-config-ogdl-1.4.0.jar;C:\Users\AlmostLover\.m2\repository\commons-beanutils\commons-beanutils\1.9.3\commons-beanutils-1.9.3.jar;C:\Users\AlmostLover\.m2\repository\commons-collections\commons-collections\3.2.2\commons-collections-3.2.2.jar;C:\Users\AlmostLover\.m2\repository\org\apache\shiro\shiro-event\1.4.0\shiro-event-1.4.0.jar;C:\Users\AlmostLover\.m2\repository\org\apache\shiro\shiro-web\1.4.0\shiro-web-1.4.0.jar;C:\Users\AlmostLover\.m2\repository\commons-io\commons-io\1.3.2\commons-io-1.3.2.jar;C:\Users\AlmostLover\.m2\repository\org\springframework\boot\spring-boot-starter-mail\2.2.0.RELEASE\spring-boot-starter-mail-2.2.0.RELEASE.jar;C:\Users\AlmostLover\.m2\repository\com\sun\mail\jakarta.mail\1.6.4\jakarta.mail-1.6.4.jar;C:\Users\AlmostLover\.m2\repository\com\sun\activation\jakarta.activation\1.2.1\jakarta.activation-1.2.1.jar;C:\Users\AlmostLover\.m2\repository\org\springframework\boot\spring-boot-starter-test\2.2.0.RELEASE\spring-boot-starter-test-2.2.0.RELEASE.jar;C:\Users\AlmostLover\.m2\repository\org\springframework\boot\spring-boot-test\2.2.0.RELEASE\spring-boot-test-2.2.0.RELEASE.jar;C:\Users\AlmostLover\.m2\repository\org\springframework\boot\spring-boot-test-autoconfigure\2.2.0.RELEASE\spring-boot-test-autoconfigure-2.2.0.RELEASE.jar;C:\Users\AlmostLover\.m2\repository\com\jayway\jsonpath\json-path\2.4.0\json-path-2.4.0.jar;C:\Users\AlmostLover\.m2\repository\net\minidev\json-smart\2.3\json-smart-2.3.jar;C:\Users\AlmostLover\.m2\repository\net\minidev\accessors-smart\1.2\accessors-smart-1.2.jar;C:\Users\AlmostLover\.m2\repository\org\ow2\asm\asm\5.0.4\asm-5.0.4.jar;C:\Users\AlmostLover\.m2\repository\jakarta\xml\bind\jakarta.xml.bind-api\2.3.2\jakarta.xml.bind-api-2.3.2.jar;C:\Users\AlmostLover\.m2\repository\jakarta\activation\jakarta.activation-api\1.2.1\jakarta.activation-api-1.2.1.jar;C:\Users\AlmostLover\.m2\repository\org\junit\jupiter\junit-jupiter\5.5.2\junit-jupiter-5.5.2.jar;C:\Users\AlmostLover\.m2\repository\org\junit\jupiter\junit-jupiter-api\5.5.2\junit-jupiter-api-5.5.2.jar;C:\Users\AlmostLover\.m2\repository\org\apiguardian\apiguardian-api\1.1.0\apiguardian-api-1.1.0.jar;C:\Users\AlmostLover\.m2\repository\org\opentest4j\opentest4j\1.2.0\opentest4j-1.2.0.jar;C:\Users\AlmostLover\.m2\repository\org\junit\platform\junit-platform-commons\1.5.2\junit-platform-commons-1.5.2.jar;C:\Users\AlmostLover\.m2\repository\org\junit\jupiter\junit-jupiter-params\5.5.2\junit-jupiter-params-5.5.2.jar;C:\Users\AlmostLover\.m2\repository\org\junit\jupiter\junit-jupiter-engine\5.5.2\junit-jupiter-engine-5.5.2.jar;C:\Users\AlmostLover\.m2\repository\org\junit\platform\junit-platform-engine\1.5.2\junit-platform-engine-1.5.2.jar;C:\Users\AlmostLover\.m2\repository\org\mockito\mockito-junit-jupiter\3.1.0\mockito-junit-jupiter-3.1.0.jar;C:\Users\AlmostLover\.m2\repository\org\assertj\assertj-core\3.13.2\assertj-core-3.13.2.jar;C:\Users\AlmostLover\.m2\repository\org\hamcrest\hamcrest\2.1\hamcrest-2.1.jar;C:\Users\AlmostLover\.m2\repository\org\mockito\mockito-core\3.1.0\mockito-core-3.1.0.jar;C:\Users\AlmostLover\.m2\repository\net\bytebuddy\byte-buddy\1.10.1\byte-buddy-1.10.1.jar;C:\Users\AlmostLover\.m2\repository\net\bytebuddy\byte-buddy-agent\1.10.1\byte-buddy-agent-1.10.1.jar;C:\Users\AlmostLover\.m2\repository\org\objenesis\objenesis\2.6\objenesis-2.6.jar;C:\Users\AlmostLover\.m2\repository\org\skyscreamer\jsonassert\1.5.0\jsonassert-1.5.0.jar;C:\Users\AlmostLover\.m2\repository\com\vaadin\external\google\android-json\0.0.20131108.vaadin1\android-json-0.0.20131108.vaadin1.jar;C:\Users\AlmostLover\.m2\repository\org\springframework\spring-test\5.2.0.RELEASE\spring-test-5.2.0.RELEASE.jar;C:\Users\AlmostLover\.m2\repository\org\xmlunit\xmlunit-core\2.6.3\xmlunit-core-2.6.3.jar;"/>
    <property name="sun.cpu.endian" value="little"/>
    <property name="user.home" value="C:\Users\AlmostLover"/>
    <property name="user.language" value="zh"/>
    <property name="java.specification.vendor" value="Oracle Corporation"/>
    <property name="java.version.date" value="2019-04-16"/>
    <property name="java.home" value="C:\java\jdk-12.0.1"/>
    <property name="file.separator" value="\"/>
    <property name="basedir" value="C:\Users\AlmostLover\Desktop\plane_search\plane_search_admin\plane_search_springboot"/>
    <property name="java.vm.compressedOopsMode" value="Zero based"/>
    <property name="line.separator" value="&#10;"/>
    <property name="java.vm.specification.vendor" value="Oracle Corporation"/>
    <property name="java.specification.name" value="Java Platform API Specification"/>
    <property name="java.awt.graphicsenv" value="sun.awt.Win32GraphicsEnvironment"/>
    <property name="surefire.real.class.path" value="C:\Users\ALMOST~1\AppData\Local\Temp\surefire7535489778586020746\surefirebooter2518257693807297398.jar"/>
    <property name="user.script" value=""/>
    <property name="sun.management.compiler" value="HotSpot 64-Bit Tiered Compilers"/>
    <property name="java.runtime.version" value="12.0.1+12"/>
    <property name="user.name" value="AlmostLover"/>
    <property name="path.separator" value=";"/>
    <property name="os.version" value="10.0"/>
    <property name="java.runtime.name" value="Java(TM) SE Runtime Environment"/>
    <property name="file.encoding" value="GBK"/>
    <property name="java.vm.name" value="Java HotSpot(TM) 64-Bit Server VM"/>
    <property name="localRepository" value="C:\Users\AlmostLover\.m2\repository"/>
    <property name="java.vendor.url.bug" value="https://bugreport.java.com/bugreport/"/>
    <property name="java.io.tmpdir" value="C:\Users\ALMOST~1\AppData\Local\Temp\"/>
    <property name="java.version" value="12.0.1"/>
    <property name="user.dir" value="C:\Users\AlmostLover\Desktop\plane_search\plane_search_admin\plane_search_springboot"/>
    <property name="os.arch" value="amd64"/>
    <property name="java.vm.specification.name" value="Java Virtual Machine Specification"/>
    <property name="idea.version2019.3.1" value="true"/>
    <property name="sun.os.patch.level" value=""/>
    <property name="java.library.path" value="C:\java\jdk-12.0.1\bin;C:\WINDOWS\Sun\Java\bin;C:\WINDOWS\system32;C:\WINDOWS;C:\Program Files (x86)\NetSarang\Xshell 6\;C:\app\AlmostLover\product\11.1.0\db_2\bin;C:\Program Files\Microsoft MPI\Bin\;C:\Program Files (x86)\Intel\iCLS Client\;C:\Program Files\Intel\iCLS Client\;C:\Windows\system32;C:\Windows;C:\Windows\System32\Wbem;C:\Windows\System32\WindowsPowerShell\v1.0\;C:\Program Files (x86)\Intel\Intel(R) Management Engine Components\DAL;C:\Program Files\Intel\Intel(R) Management Engine Components\DAL;C:\Program Files (x86)\Intel\Intel(R) Management Engine Components\IPT;C:\Program Files\Intel\Intel(R) Management Engine Components\IPT;C:\Program Files (x86)\NVIDIA Corporation\PhysX\Common;C:\WINDOWS\system32;C:\WINDOWS;C:\WINDOWS\System32\Wbem;C:\WINDOWS\System32\WindowsPowerShell\v1.0\;C:\Program Files\MySQL\MySQL Server 5.7\bin;C:\Program Files (x86)\PuTTY\;C:\Program Files\MATLAB\R2017a\bin;C:\java\jdk-12.0.1\bin;C:\Users\AlmostLover\.gradle\wrapper\dists\gradle-4.6-all\bcst21l2brirad8k2ben1letg\gradle-4.6\bin;C:\Users\AlmostLover\Desktop\nexus-3.13.0-01-win64\nexus-3.13.0-01\bin;C:\WINDOWS\System32\OpenSSH\;C:\Program Files\Git\cmd;C:\elasticsearch-7.4.2-windows-x86_64\elasticsearch-7.4.2\bin;C:\Program Files\nodejs\;C:\Users\AlmostLover\Anaconda3\Library\mingw-w64\bin;C:\Users\AlmostLover\Anaconda3\Library\usr\bin;C:\Users\AlmostLover\Anaconda3\Library\bin;C:\Users\AlmostLover\AppData\Local\Programs\Python\Python37-32\Scripts\;C:\Users\AlmostLover\AppData\Local\Programs\Python\Python37-32\;C:\Users\AlmostLover\AppData\Local\Microsoft\WindowsApps;C:\Users\AlmostLover\Anaconda3;C:\Users\AlmostLover\Anaconda3\Scripts;C:\Users\AlmostLover\AppData\Local\BypassRuntm;C:\Users\AlmostLover\AppData\Local\Microsoft\WindowsApps;C:\Users\AlmostLover\AppData\Roaming\npm;."/>
    <property name="java.vm.info" value="mixed mode, sharing"/>
    <property name="java.vendor" value="Oracle Corporation"/>
    <property name="java.vm.version" value="12.0.1+12"/>
    <property name="sun.io.unicode.encoding" value="UnicodeLittle"/>
    <property name="java.class.version" value="56.0"/>
  </properties>
  <testcase name="contextLoads" classname="com.yws.plane.PlaneApplicationTests" time="3.27"/>
</testsuite>